<?xml version="1.0" encoding="UTF-8"?>
<testng-results ignored="0" total="1" passed="1" failed="0" skipped="0">
  <reporter-output>
  </reporter-output>
  <suite started-at="2025-12-30T16:29:10 IST" name="Default suite" finished-at="2025-12-30T16:29:22 IST" duration-ms="12179">
    <groups>
    </groups>
    <test started-at="2025-12-30T16:29:10 IST" name="Default test" finished-at="2025-12-30T16:29:22 IST" duration-ms="12179">
      <class name="com.Assignment3.TestCases.VerifyLogin">
        <test-method signature="CheckValidUser()[pri:0, instance:com.Assignment3.TestCases.VerifyLogin@20bd8be5]" started-at="2025-12-30T16:29:10 IST" name="CheckValidUser" finished-at="2025-12-30T16:29:22 IST" duration-ms="11934" status="PASS">
          <reporter-output>
          </reporter-output>
        </test-method> <!-- CheckValidUser -->
      </class> <!-- com.Assignment3.TestCases.VerifyLogin -->
    </test> <!-- Default test -->
  </suite> <!-- Default suite -->
</testng-results>
